<?xml version="1.0" encoding="UTF-8"?>
<!-- Generated by org.testng.reporters.JUnitReportReporter -->
<testsuite hostname="DESKTOP-GU6SA76" failures="0" tests="1" name="testcase.TC_BB_001_LaunchURL" time="32.815" errors="0" timestamp="2023-11-30T13:10:14 IST" skipped="0">
  <testcase classname="testcase.TC_BB_001_LaunchURL" name="uslink" time="32.815"/>
</testsuite> <!-- testcase.TC_BB_001_LaunchURL -->
